Arguments: 
  /Users/m.vitte/.nvm/versions/node/v12.14.0/bin/node /Users/m.vitte/.nvm/versions/node/v12.14.0/bin/yarn install

PATH: 
  /Users/m.vitte/.rvm/gems/ruby-3.0.0/bin:/Users/m.vitte/.rvm/gems/ruby-3.0.0@global/bin:/Users/m.vitte/.rvm/rubies/ruby-3.0.0/bin:/usr/local/opt/mysql@5.7/bin:/Users/m.vitte/.nvm/versions/node/v12.14.0/bin:/usr/local/bin:/usr/bin:/bin:/usr/sbin:/sbin:/Users/m.vitte/.rvm/bin

Yarn version: 
  1.22.19

Node version: 
  12.14.0

Platform: 
  darwin x64

Trace: 
  SyntaxError: /Users/m.vitte/Code/rails_vue_spa/package.json: Unexpected token } in JSON at position 105
      at JSON.parse (<anonymous>)
      at /Users/m.vitte/.nvm/versions/node/v12.14.0/lib/node_modules/yarn/lib/cli.js:1629:59
      at Generator.next (<anonymous>)
      at step (/Users/m.vitte/.nvm/versions/node/v12.14.0/lib/node_modules/yarn/lib/cli.js:310:30)
      at /Users/m.vitte/.nvm/versions/node/v12.14.0/lib/node_modules/yarn/lib/cli.js:321:13

npm manifest: 
  {
    "devDependencies": {
      "vite": "^3.2.5",
      "vite-plugin-ruby": "^3.1.3",
      "type": "module",
    }
  }

yarn manifest: 
  No manifest

Lockfile: 
  No lockfile
